00:13:00 INFO  : Registering command handlers for SDK TCF services
00:13:01 INFO  : Launching XSCT server: xsct.bat -interactive D:\Xilinx\projects\axi_2_dma\AXI_DMA\AXI_DMA.sdk\temp_xsdb_launch_script.tcl
00:13:05 INFO  : XSCT server has started successfully.
00:13:05 INFO  : Successfully done setting XSCT server connection channel  
00:13:06 INFO  : Successfully done setting SDK workspace  
00:13:06 INFO  : Processing command line option -hwspec D:/Xilinx/projects/axi_2_dma/AXI_DMA/AXI_DMA.sdk/top.hdf.
00:20:30 INFO  : 'targets -set -filter {jtag_cable_name =~ "Digilent JTAG-SMT2 210251899911" && level==0} -index 1' command is executed.
00:20:30 INFO  : 'fpga -state' command is executed.
00:20:30 INFO  : Connected to target on host '127.0.0.1' and port '3121'.
00:20:30 INFO  : Jtag cable 'Digilent JTAG-SMT2 210251899911' is selected.
00:20:30 INFO  : 'jtag frequency' command is executed.
00:20:30 INFO  : Sourcing of 'D:/Xilinx/projects/axi_2_dma/AXI_DMA/AXI_DMA.sdk/top_hw_platform_0/ps7_init.tcl' is done.
00:20:30 INFO  : Context for 'APU' is selected.
00:20:30 INFO  : Hardware design information is loaded from 'D:/Xilinx/projects/axi_2_dma/AXI_DMA/AXI_DMA.sdk/top_hw_platform_0/system.hdf'.
00:20:30 INFO  : 'configparams force-mem-access 1' command is executed.
00:20:31 INFO  : Context for 'APU' is selected.
00:20:31 INFO  : 'stop' command is executed.
00:20:31 INFO  : 'ps7_init' command is executed.
00:20:31 INFO  : 'ps7_post_config' command is executed.
00:20:32 INFO  : Context for processor 'ps7_cortexa9_0' is selected.
00:20:32 INFO  : Processor reset is completed for 'ps7_cortexa9_0'.
00:20:32 INFO  : Context for processor 'ps7_cortexa9_0' is selected.
00:20:32 INFO  : The application 'D:/Xilinx/projects/axi_2_dma/AXI_DMA/AXI_DMA.sdk/daqv1/Debug/daqv1.elf' is downloaded to processor 'ps7_cortexa9_0'.
00:20:32 INFO  : 'configparams force-mem-access 0' command is executed.
00:20:32 INFO  : ----------------XSDB Script----------------
connect -url tcp:127.0.0.1:3121
source D:/Xilinx/projects/axi_2_dma/AXI_DMA/AXI_DMA.sdk/top_hw_platform_0/ps7_init.tcl
targets -set -nocase -filter {name =~"APU*" && jtag_cable_name =~ "Digilent JTAG-SMT2 210251899911"} -index 0
loadhw -hw D:/Xilinx/projects/axi_2_dma/AXI_DMA/AXI_DMA.sdk/top_hw_platform_0/system.hdf -mem-ranges [list {0x40000000 0xbfffffff}]
configparams force-mem-access 1
targets -set -nocase -filter {name =~"APU*" && jtag_cable_name =~ "Digilent JTAG-SMT2 210251899911"} -index 0
stop
ps7_init
ps7_post_config
targets -set -nocase -filter {name =~ "ARM*#0" && jtag_cable_name =~ "Digilent JTAG-SMT2 210251899911"} -index 0
rst -processor
targets -set -nocase -filter {name =~ "ARM*#0" && jtag_cable_name =~ "Digilent JTAG-SMT2 210251899911"} -index 0
dow D:/Xilinx/projects/axi_2_dma/AXI_DMA/AXI_DMA.sdk/daqv1/Debug/daqv1.elf
configparams force-mem-access 0
----------------End of Script----------------

00:20:32 INFO  : Memory regions updated for context APU
00:20:33 INFO  : Context for processor 'ps7_cortexa9_0' is selected.
00:20:33 INFO  : 'con' command is executed.
00:20:33 INFO  : ----------------XSDB Script (After Launch)----------------
targets -set -nocase -filter {name =~ "ARM*#0" && jtag_cable_name =~ "Digilent JTAG-SMT2 210251899911"} -index 0
con
----------------End of Script----------------

00:20:33 INFO  : Launch script is exported to file 'D:\Xilinx\projects\axi_2_dma\AXI_DMA\AXI_DMA.sdk\.sdk\launch_scripts\xilinx_c-c++_application_(system_debugger)\system_debugger_using_debug_daqv1.elf_on_local.tcl'
00:21:26 INFO  : Disconnected from the channel tcfchan#1.
00:21:40 INFO  : 'targets -set -filter {jtag_cable_name =~ "Digilent JTAG-SMT2 210251899911" && level==0} -index 1' command is executed.
00:21:40 INFO  : 'fpga -state' command is executed.
00:21:40 INFO  : Connected to target on host '127.0.0.1' and port '3121'.
00:21:41 INFO  : Jtag cable 'Digilent JTAG-SMT2 210251899911' is selected.
00:21:41 INFO  : 'jtag frequency' command is executed.
00:21:41 INFO  : Sourcing of 'D:/Xilinx/projects/axi_2_dma/AXI_DMA/AXI_DMA.sdk/top_hw_platform_0/ps7_init.tcl' is done.
00:21:41 INFO  : Context for 'APU' is selected.
00:21:41 INFO  : System reset is completed.
00:21:44 INFO  : 'after 3000' command is executed.
00:21:44 INFO  : Context for 'APU' is selected.
00:21:48 INFO  : Hardware design information is loaded from 'D:/Xilinx/projects/axi_2_dma/AXI_DMA/AXI_DMA.sdk/top_hw_platform_0/system.hdf'.
00:21:48 INFO  : 'configparams force-mem-access 1' command is executed.
00:21:48 INFO  : Context for 'APU' is selected.
00:21:49 INFO  : 'ps7_init' command is executed.
00:21:49 INFO  : 'ps7_post_config' command is executed.
00:21:49 INFO  : Context for processor 'ps7_cortexa9_0' is selected.
00:21:49 INFO  : The application 'D:/Xilinx/projects/axi_2_dma/AXI_DMA/AXI_DMA.sdk/daqv1/Debug/daqv1.elf' is downloaded to processor 'ps7_cortexa9_0'.
00:21:49 INFO  : 'configparams force-mem-access 0' command is executed.
00:21:49 INFO  : ----------------XSDB Script----------------
connect -url tcp:127.0.0.1:3121
source D:/Xilinx/projects/axi_2_dma/AXI_DMA/AXI_DMA.sdk/top_hw_platform_0/ps7_init.tcl
targets -set -nocase -filter {name =~"APU*" && jtag_cable_name =~ "Digilent JTAG-SMT2 210251899911"} -index 0
rst -system
after 3000
targets -set -nocase -filter {name =~"APU*" && jtag_cable_name =~ "Digilent JTAG-SMT2 210251899911"} -index 0
loadhw -hw D:/Xilinx/projects/axi_2_dma/AXI_DMA/AXI_DMA.sdk/top_hw_platform_0/system.hdf -mem-ranges [list {0x40000000 0xbfffffff}]
configparams force-mem-access 1
targets -set -nocase -filter {name =~"APU*" && jtag_cable_name =~ "Digilent JTAG-SMT2 210251899911"} -index 0
ps7_init
ps7_post_config
targets -set -nocase -filter {name =~ "ARM*#0" && jtag_cable_name =~ "Digilent JTAG-SMT2 210251899911"} -index 0
dow D:/Xilinx/projects/axi_2_dma/AXI_DMA/AXI_DMA.sdk/daqv1/Debug/daqv1.elf
configparams force-mem-access 0
----------------End of Script----------------

00:21:50 INFO  : Memory regions updated for context APU
00:21:50 INFO  : Context for processor 'ps7_cortexa9_0' is selected.
00:21:50 INFO  : 'con' command is executed.
00:21:50 INFO  : ----------------XSDB Script (After Launch)----------------
targets -set -nocase -filter {name =~ "ARM*#0" && jtag_cable_name =~ "Digilent JTAG-SMT2 210251899911"} -index 0
con
----------------End of Script----------------

00:21:50 INFO  : Launch script is exported to file 'D:\Xilinx\projects\axi_2_dma\AXI_DMA\AXI_DMA.sdk\.sdk\launch_scripts\xilinx_c-c++_application_(system_debugger)\system_debugger_using_debug_daqv1.elf_on_local.tcl'
01:02:33 INFO  : Disconnected from the channel tcfchan#2.
01:02:44 INFO  : 'targets -set -filter {jtag_cable_name =~ "Digilent JTAG-SMT2 210251899911" && level==0} -index 1' command is executed.
01:02:44 INFO  : 'fpga -state' command is executed.
01:02:44 INFO  : Connected to target on host '127.0.0.1' and port '3121'.
01:02:44 INFO  : Jtag cable 'Digilent JTAG-SMT2 210251899911' is selected.
01:02:44 INFO  : 'jtag frequency' command is executed.
01:02:44 INFO  : Sourcing of 'D:/Xilinx/projects/axi_2_dma/AXI_DMA/AXI_DMA.sdk/top_hw_platform_0/ps7_init.tcl' is done.
01:02:44 INFO  : Context for 'APU' is selected.
01:02:45 INFO  : System reset is completed.
01:02:48 INFO  : 'after 3000' command is executed.
01:02:48 INFO  : Context for 'APU' is selected.
01:02:52 INFO  : Hardware design information is loaded from 'D:/Xilinx/projects/axi_2_dma/AXI_DMA/AXI_DMA.sdk/top_hw_platform_0/system.hdf'.
01:02:52 INFO  : 'configparams force-mem-access 1' command is executed.
01:02:52 INFO  : Context for 'APU' is selected.
01:02:52 INFO  : 'ps7_init' command is executed.
01:02:52 INFO  : 'ps7_post_config' command is executed.
01:02:52 INFO  : Context for processor 'ps7_cortexa9_0' is selected.
01:02:53 INFO  : The application 'D:/Xilinx/projects/axi_2_dma/AXI_DMA/AXI_DMA.sdk/daqv1/Debug/daqv1.elf' is downloaded to processor 'ps7_cortexa9_0'.
01:02:53 INFO  : 'configparams force-mem-access 0' command is executed.
01:02:53 INFO  : ----------------XSDB Script----------------
connect -url tcp:127.0.0.1:3121
source D:/Xilinx/projects/axi_2_dma/AXI_DMA/AXI_DMA.sdk/top_hw_platform_0/ps7_init.tcl
targets -set -nocase -filter {name =~"APU*" && jtag_cable_name =~ "Digilent JTAG-SMT2 210251899911"} -index 0
rst -system
after 3000
targets -set -nocase -filter {name =~"APU*" && jtag_cable_name =~ "Digilent JTAG-SMT2 210251899911"} -index 0
loadhw -hw D:/Xilinx/projects/axi_2_dma/AXI_DMA/AXI_DMA.sdk/top_hw_platform_0/system.hdf -mem-ranges [list {0x40000000 0xbfffffff}]
configparams force-mem-access 1
targets -set -nocase -filter {name =~"APU*" && jtag_cable_name =~ "Digilent JTAG-SMT2 210251899911"} -index 0
ps7_init
ps7_post_config
targets -set -nocase -filter {name =~ "ARM*#0" && jtag_cable_name =~ "Digilent JTAG-SMT2 210251899911"} -index 0
dow D:/Xilinx/projects/axi_2_dma/AXI_DMA/AXI_DMA.sdk/daqv1/Debug/daqv1.elf
configparams force-mem-access 0
----------------End of Script----------------

01:02:53 INFO  : Memory regions updated for context APU
01:02:53 INFO  : Context for processor 'ps7_cortexa9_0' is selected.
01:02:53 INFO  : 'con' command is executed.
01:02:53 INFO  : ----------------XSDB Script (After Launch)----------------
targets -set -nocase -filter {name =~ "ARM*#0" && jtag_cable_name =~ "Digilent JTAG-SMT2 210251899911"} -index 0
con
----------------End of Script----------------

01:02:53 INFO  : Launch script is exported to file 'D:\Xilinx\projects\axi_2_dma\AXI_DMA\AXI_DMA.sdk\.sdk\launch_scripts\xilinx_c-c++_application_(system_debugger)\system_debugger_using_debug_daqv1.elf_on_local.tcl'
01:47:35 INFO  : Disconnected from the channel tcfchan#3.
02:03:54 INFO  : SDK has detected change in the last modified timestamps for source hardware specification file Source:1755281032132,  Project:1755274347329
02:03:54 INFO  : Project top_hw_platform_0's source hardware specification located at D:/Xilinx/projects/axi_2_dma/AXI_DMA/AXI_DMA.sdk/top.hdf is now different from the local copy.
		 The local copy will be replaced with the source specification and your workspace will be updated.
02:03:59 INFO  : Copied contents of D:/Xilinx/projects/axi_2_dma/AXI_DMA/AXI_DMA.sdk/top.hdf into \top_hw_platform_0\system.hdf.
02:04:06 INFO  : Synchronizing projects in the workspace with the hardware platform specification changes.
02:04:10 INFO  : 
02:04:11 INFO  : Updating hardware inferred compiler options for daqv1.
02:04:11 INFO  : Clearing existing target manager status.
02:04:11 INFO  : Closing and re-opening the MSS file of ther project daqv1_bsp
02:04:12 INFO  : Workspace synchronized with the new hardware specification file. Cleaning dependent projects...
02:04:24 WARN  : Linker script will not be updated automatically. Users need to update it manually.
02:08:34 INFO  : 'targets -set -filter {jtag_cable_name =~ "Digilent JTAG-SMT2 210251899911" && level==0} -index 1' command is executed.
02:08:34 INFO  : 'fpga -state' command is executed.
02:08:34 INFO  : Connected to target on host '127.0.0.1' and port '3121'.
02:08:34 INFO  : Jtag cable 'Digilent JTAG-SMT2 210251899911' is selected.
02:08:34 INFO  : 'jtag frequency' command is executed.
02:08:34 INFO  : Sourcing of 'D:/Xilinx/projects/axi_2_dma/AXI_DMA/AXI_DMA.sdk/top_hw_platform_0/ps7_init.tcl' is done.
02:08:34 INFO  : Context for 'APU' is selected.
02:08:34 INFO  : System reset is completed.
02:08:37 INFO  : 'after 3000' command is executed.
02:08:38 INFO  : Context for 'APU' is selected.
02:08:38 INFO  : Hardware design information is loaded from 'D:/Xilinx/projects/axi_2_dma/AXI_DMA/AXI_DMA.sdk/top_hw_platform_0/system.hdf'.
02:08:38 INFO  : 'configparams force-mem-access 1' command is executed.
02:08:38 INFO  : Context for 'APU' is selected.
02:08:39 INFO  : 'ps7_init' command is executed.
02:08:39 INFO  : 'ps7_post_config' command is executed.
02:08:39 INFO  : Context for processor 'ps7_cortexa9_0' is selected.
02:08:39 INFO  : The application 'D:/Xilinx/projects/axi_2_dma/AXI_DMA/AXI_DMA.sdk/daqv1/Debug/daqv1.elf' is downloaded to processor 'ps7_cortexa9_0'.
02:08:39 INFO  : 'configparams force-mem-access 0' command is executed.
02:08:39 INFO  : ----------------XSDB Script----------------
connect -url tcp:127.0.0.1:3121
source D:/Xilinx/projects/axi_2_dma/AXI_DMA/AXI_DMA.sdk/top_hw_platform_0/ps7_init.tcl
targets -set -nocase -filter {name =~"APU*" && jtag_cable_name =~ "Digilent JTAG-SMT2 210251899911"} -index 0
rst -system
after 3000
targets -set -nocase -filter {name =~"APU*" && jtag_cable_name =~ "Digilent JTAG-SMT2 210251899911"} -index 0
loadhw -hw D:/Xilinx/projects/axi_2_dma/AXI_DMA/AXI_DMA.sdk/top_hw_platform_0/system.hdf -mem-ranges [list {0x40000000 0xbfffffff}]
configparams force-mem-access 1
targets -set -nocase -filter {name =~"APU*" && jtag_cable_name =~ "Digilent JTAG-SMT2 210251899911"} -index 0
ps7_init
ps7_post_config
targets -set -nocase -filter {name =~ "ARM*#0" && jtag_cable_name =~ "Digilent JTAG-SMT2 210251899911"} -index 0
dow D:/Xilinx/projects/axi_2_dma/AXI_DMA/AXI_DMA.sdk/daqv1/Debug/daqv1.elf
configparams force-mem-access 0
----------------End of Script----------------

02:08:39 INFO  : Memory regions updated for context APU
02:08:40 INFO  : Context for processor 'ps7_cortexa9_0' is selected.
02:08:40 INFO  : 'con' command is executed.
02:08:40 INFO  : ----------------XSDB Script (After Launch)----------------
targets -set -nocase -filter {name =~ "ARM*#0" && jtag_cable_name =~ "Digilent JTAG-SMT2 210251899911"} -index 0
con
----------------End of Script----------------

02:08:40 INFO  : Launch script is exported to file 'D:\Xilinx\projects\axi_2_dma\AXI_DMA\AXI_DMA.sdk\.sdk\launch_scripts\xilinx_c-c++_application_(system_debugger)\system_debugger_using_debug_daqv1.elf_on_local.tcl'
02:12:18 INFO  : Disconnected from the channel tcfchan#4.
06:51:43 INFO  : 'targets -set -filter {jtag_cable_name =~ "Digilent JTAG-SMT2 210251899911" && level==0} -index 1' command is executed.
06:51:43 INFO  : 'fpga -state' command is executed.
06:51:45 INFO  : Connected to target on host '127.0.0.1' and port '3121'.
06:51:46 INFO  : Jtag cable 'Digilent JTAG-SMT2 210251899911' is selected.
06:51:46 INFO  : 'jtag frequency' command is executed.
06:51:46 INFO  : Sourcing of 'D:/Xilinx/projects/axi_2_dma/AXI_DMA/AXI_DMA.sdk/top_hw_platform_0/ps7_init.tcl' is done.
06:51:46 INFO  : Context for 'APU' is selected.
06:51:46 INFO  : System reset is completed.
06:51:49 INFO  : 'after 3000' command is executed.
06:51:49 INFO  : Context for 'APU' is selected.
06:51:54 INFO  : Hardware design information is loaded from 'D:/Xilinx/projects/axi_2_dma/AXI_DMA/AXI_DMA.sdk/top_hw_platform_0/system.hdf'.
06:51:54 INFO  : 'configparams force-mem-access 1' command is executed.
06:51:54 INFO  : Context for 'APU' is selected.
06:51:54 INFO  : 'ps7_init' command is executed.
06:51:54 INFO  : 'ps7_post_config' command is executed.
06:51:54 INFO  : Context for processor 'ps7_cortexa9_0' is selected.
06:51:55 INFO  : The application 'D:/Xilinx/projects/axi_2_dma/AXI_DMA/AXI_DMA.sdk/daqv1/Debug/daqv1.elf' is downloaded to processor 'ps7_cortexa9_0'.
06:51:55 INFO  : 'configparams force-mem-access 0' command is executed.
06:51:55 INFO  : ----------------XSDB Script----------------
connect -url tcp:127.0.0.1:3121
source D:/Xilinx/projects/axi_2_dma/AXI_DMA/AXI_DMA.sdk/top_hw_platform_0/ps7_init.tcl
targets -set -nocase -filter {name =~"APU*" && jtag_cable_name =~ "Digilent JTAG-SMT2 210251899911"} -index 0
rst -system
after 3000
targets -set -nocase -filter {name =~"APU*" && jtag_cable_name =~ "Digilent JTAG-SMT2 210251899911"} -index 0
loadhw -hw D:/Xilinx/projects/axi_2_dma/AXI_DMA/AXI_DMA.sdk/top_hw_platform_0/system.hdf -mem-ranges [list {0x40000000 0xbfffffff}]
configparams force-mem-access 1
targets -set -nocase -filter {name =~"APU*" && jtag_cable_name =~ "Digilent JTAG-SMT2 210251899911"} -index 0
ps7_init
ps7_post_config
targets -set -nocase -filter {name =~ "ARM*#0" && jtag_cable_name =~ "Digilent JTAG-SMT2 210251899911"} -index 0
dow D:/Xilinx/projects/axi_2_dma/AXI_DMA/AXI_DMA.sdk/daqv1/Debug/daqv1.elf
configparams force-mem-access 0
----------------End of Script----------------

06:51:55 INFO  : Memory regions updated for context APU
06:51:55 INFO  : Context for processor 'ps7_cortexa9_0' is selected.
06:51:55 INFO  : 'con' command is executed.
06:51:55 INFO  : ----------------XSDB Script (After Launch)----------------
targets -set -nocase -filter {name =~ "ARM*#0" && jtag_cable_name =~ "Digilent JTAG-SMT2 210251899911"} -index 0
con
----------------End of Script----------------

06:51:55 INFO  : Launch script is exported to file 'D:\Xilinx\projects\axi_2_dma\AXI_DMA\AXI_DMA.sdk\.sdk\launch_scripts\xilinx_c-c++_application_(system_debugger)\system_debugger_using_debug_daqv1.elf_on_local.tcl'
06:56:14 INFO  : Disconnected from the channel tcfchan#5.
06:56:15 INFO  : Connected to target on host '127.0.0.1' and port '3121'.
06:56:15 INFO  : Jtag cable 'Digilent JTAG-SMT2 210251899911' is selected.
06:56:15 INFO  : 'jtag frequency' command is executed.
06:56:15 INFO  : Sourcing of 'D:/Xilinx/projects/axi_2_dma/AXI_DMA/AXI_DMA.sdk/top_hw_platform_0/ps7_init.tcl' is done.
06:56:15 INFO  : Context for 'APU' is selected.
06:56:16 INFO  : System reset is completed.
06:56:19 INFO  : 'after 3000' command is executed.
06:56:19 INFO  : 'targets -set -filter {jtag_cable_name =~ "Digilent JTAG-SMT2 210251899911" && level==0} -index 1' command is executed.
06:56:21 INFO  : FPGA configured successfully with bitstream "D:/Xilinx/projects/axi_2_dma/AXI_DMA/AXI_DMA.runs/impl_2/top.bit"
06:56:21 INFO  : Context for 'APU' is selected.
06:56:21 INFO  : Hardware design information is loaded from 'D:/Xilinx/projects/axi_2_dma/AXI_DMA/AXI_DMA.sdk/top_hw_platform_0/system.hdf'.
06:56:21 INFO  : 'configparams force-mem-access 1' command is executed.
06:56:22 INFO  : Context for 'APU' is selected.
06:56:22 INFO  : 'ps7_init' command is executed.
06:56:22 INFO  : 'ps7_post_config' command is executed.
06:56:22 INFO  : Context for processor 'ps7_cortexa9_0' is selected.
06:56:23 INFO  : The application 'D:/Xilinx/projects/axi_2_dma/AXI_DMA/AXI_DMA.sdk/daqv1/Debug/daqv1.elf' is downloaded to processor 'ps7_cortexa9_0'.
06:56:23 INFO  : 'configparams force-mem-access 0' command is executed.
06:56:23 INFO  : ----------------XSDB Script----------------
connect -url tcp:127.0.0.1:3121
source D:/Xilinx/projects/axi_2_dma/AXI_DMA/AXI_DMA.sdk/top_hw_platform_0/ps7_init.tcl
targets -set -nocase -filter {name =~"APU*" && jtag_cable_name =~ "Digilent JTAG-SMT2 210251899911"} -index 0
rst -system
after 3000
targets -set -filter {jtag_cable_name =~ "Digilent JTAG-SMT2 210251899911" && level==0} -index 1
fpga -file D:/Xilinx/projects/axi_2_dma/AXI_DMA/AXI_DMA.runs/impl_2/top.bit
targets -set -nocase -filter {name =~"APU*" && jtag_cable_name =~ "Digilent JTAG-SMT2 210251899911"} -index 0
loadhw -hw D:/Xilinx/projects/axi_2_dma/AXI_DMA/AXI_DMA.sdk/top_hw_platform_0/system.hdf -mem-ranges [list {0x40000000 0xbfffffff}]
configparams force-mem-access 1
targets -set -nocase -filter {name =~"APU*" && jtag_cable_name =~ "Digilent JTAG-SMT2 210251899911"} -index 0
ps7_init
ps7_post_config
targets -set -nocase -filter {name =~ "ARM*#0" && jtag_cable_name =~ "Digilent JTAG-SMT2 210251899911"} -index 0
dow D:/Xilinx/projects/axi_2_dma/AXI_DMA/AXI_DMA.sdk/daqv1/Debug/daqv1.elf
configparams force-mem-access 0
----------------End of Script----------------

06:56:23 INFO  : Memory regions updated for context APU
06:56:23 INFO  : Context for processor 'ps7_cortexa9_0' is selected.
06:56:23 INFO  : 'con' command is executed.
06:56:23 INFO  : ----------------XSDB Script (After Launch)----------------
targets -set -nocase -filter {name =~ "ARM*#0" && jtag_cable_name =~ "Digilent JTAG-SMT2 210251899911"} -index 0
con
----------------End of Script----------------

06:56:23 INFO  : Launch script is exported to file 'D:\Xilinx\projects\axi_2_dma\AXI_DMA\AXI_DMA.sdk\.sdk\launch_scripts\xilinx_c-c++_application_(system_debugger)\system_debugger_using_debug_daqv1.elf_on_local.tcl'
21:37:41 INFO  : Disconnected from the channel tcfchan#6.
21:37:42 INFO  : Connected to target on host '127.0.0.1' and port '3121'.
21:37:43 INFO  : Jtag cable 'Digilent JTAG-SMT2 210251899911' is selected.
21:37:43 INFO  : 'jtag frequency' command is executed.
21:37:43 INFO  : Sourcing of 'D:/Xilinx/projects/axi_2_dma/AXI_DMA/AXI_DMA.sdk/top_hw_platform_0/ps7_init.tcl' is done.
21:37:43 INFO  : Context for 'APU' is selected.
21:37:43 INFO  : System reset is completed.
21:37:46 INFO  : 'after 3000' command is executed.
21:37:46 INFO  : 'targets -set -filter {jtag_cable_name =~ "Digilent JTAG-SMT2 210251899911" && level==0} -index 1' command is executed.
21:37:49 INFO  : FPGA configured successfully with bitstream "D:/Xilinx/projects/axi_2_dma/AXI_DMA/AXI_DMA.runs/impl_2/top.bit"
21:37:49 INFO  : Context for 'APU' is selected.
21:37:49 INFO  : Hardware design information is loaded from 'D:/Xilinx/projects/axi_2_dma/AXI_DMA/AXI_DMA.sdk/top_hw_platform_0/system.hdf'.
21:37:49 INFO  : 'configparams force-mem-access 1' command is executed.
21:37:49 INFO  : Context for 'APU' is selected.
21:37:50 INFO  : 'ps7_init' command is executed.
21:37:50 INFO  : 'ps7_post_config' command is executed.
21:37:50 INFO  : Context for processor 'ps7_cortexa9_0' is selected.
21:37:50 INFO  : The application 'D:/Xilinx/projects/axi_2_dma/AXI_DMA/AXI_DMA.sdk/daqv1/Debug/daqv1.elf' is downloaded to processor 'ps7_cortexa9_0'.
21:37:50 INFO  : 'configparams force-mem-access 0' command is executed.
21:37:50 INFO  : ----------------XSDB Script----------------
connect -url tcp:127.0.0.1:3121
source D:/Xilinx/projects/axi_2_dma/AXI_DMA/AXI_DMA.sdk/top_hw_platform_0/ps7_init.tcl
targets -set -nocase -filter {name =~"APU*" && jtag_cable_name =~ "Digilent JTAG-SMT2 210251899911"} -index 0
rst -system
after 3000
targets -set -filter {jtag_cable_name =~ "Digilent JTAG-SMT2 210251899911" && level==0} -index 1
fpga -file D:/Xilinx/projects/axi_2_dma/AXI_DMA/AXI_DMA.runs/impl_2/top.bit
targets -set -nocase -filter {name =~"APU*" && jtag_cable_name =~ "Digilent JTAG-SMT2 210251899911"} -index 0
loadhw -hw D:/Xilinx/projects/axi_2_dma/AXI_DMA/AXI_DMA.sdk/top_hw_platform_0/system.hdf -mem-ranges [list {0x40000000 0xbfffffff}]
configparams force-mem-access 1
targets -set -nocase -filter {name =~"APU*" && jtag_cable_name =~ "Digilent JTAG-SMT2 210251899911"} -index 0
ps7_init
ps7_post_config
targets -set -nocase -filter {name =~ "ARM*#0" && jtag_cable_name =~ "Digilent JTAG-SMT2 210251899911"} -index 0
dow D:/Xilinx/projects/axi_2_dma/AXI_DMA/AXI_DMA.sdk/daqv1/Debug/daqv1.elf
configparams force-mem-access 0
----------------End of Script----------------

21:37:51 INFO  : Memory regions updated for context APU
21:37:51 INFO  : Context for processor 'ps7_cortexa9_0' is selected.
21:37:51 INFO  : 'con' command is executed.
21:37:51 INFO  : ----------------XSDB Script (After Launch)----------------
targets -set -nocase -filter {name =~ "ARM*#0" && jtag_cable_name =~ "Digilent JTAG-SMT2 210251899911"} -index 0
con
----------------End of Script----------------

21:37:51 INFO  : Launch script is exported to file 'D:\Xilinx\projects\axi_2_dma\AXI_DMA\AXI_DMA.sdk\.sdk\launch_scripts\xilinx_c-c++_application_(system_debugger)\system_debugger_using_debug_daqv1.elf_on_local.tcl'
